Flutter crash report; please file at https://github.com/flutter/flutter/issues.

## command

flutter run

## exception

String: Exit code 1 from: /usr/bin/xcodebuild -project /Users/masterung/MyWorkSpace/ProjectFlutter/ting_flutter/ios/Runner.xcodeproj -target Runner -showBuildSettings

```
#0      _runWithLoggingSync (package:flutter_tools/src/base/process.dart:375:7)
#1      runCheckedSync (package:flutter_tools/src/base/process.dart:297:10)
#2      XcodeProjectInterpreter.getBuildSettings (package:flutter_tools/src/ios/xcodeproj.dart:177:24)
#3      IosProject.buildSettings (package:flutter_tools/src/project.dart:364:42)
#4      IosProject.isSwift (package:flutter_tools/src/project.dart:356:23)
#5      RunCommand.usageValues (package:flutter_tools/src/commands/run.dart:229:35)
<asynchronous suspension>
#6      FlutterCommand._sendUsage (package:flutter_tools/src/runner/flutter_command.dart:411:58)
<asynchronous suspension>
#7      FlutterCommand.run.<anonymous closure> (package:flutter_tools/src/runner/flutter_command.dart:392:17)
<asynchronous suspension>
#8      AppContext.run.<anonymous closure> (package:flutter_tools/src/base/context.dart:153:29)
<asynchronous suspension>
#9      _rootRun (dart:async/zone.dart:1124:13)
#10     _CustomZone.run (dart:async/zone.dart:1021:19)
#11     _runZoned (dart:async/zone.dart:1516:10)
#12     runZoned (dart:async/zone.dart:1463:12)
#13     AppContext.run (package:flutter_tools/src/base/context.dart:152:18)
<asynchronous suspension>
#14     FlutterCommand.run (package:flutter_tools/src/runner/flutter_command.dart:375:20)
#15     CommandRunner.runCommand (package:args/command_runner.dart:197:27)
<asynchronous suspension>
#16     FlutterCommandRunner.runCommand.<anonymous closure> (package:flutter_tools/src/runner/flutter_command_runner.dart:396:21)
<asynchronous suspension>
#17     AppContext.run.<anonymous closure> (package:flutter_tools/src/base/context.dart:153:29)
<asynchronous suspension>
#18     _rootRun (dart:async/zone.dart:1124:13)
#19     _CustomZone.run (dart:async/zone.dart:1021:19)
#20     _runZoned (dart:async/zone.dart:1516:10)
#21     runZoned (dart:async/zone.dart:1463:12)
#22     AppContext.run (package:flutter_tools/src/base/context.dart:152:18)
<asynchronous suspension>
#23     FlutterCommandRunner.runCommand (package:flutter_tools/src/runner/flutter_command_runner.dart:356:19)
<asynchronous suspension>
#24     CommandRunner.run.<anonymous closure> (package:args/command_runner.dart:112:25)
#25     new Future.sync (dart:async/future.dart:224:31)
#26     CommandRunner.run (package:args/command_runner.dart:112:14)
#27     FlutterCommandRunner.run (package:flutter_tools/src/runner/flutter_command_runner.dart:242:18)
#28     run.<anonymous closure>.<anonymous closure> (package:flutter_tools/runner.dart:62:22)
<asynchronous suspension>
#29     _rootRun (dart:async/zone.dart:1124:13)
#30     _CustomZone.run (dart:async/zone.dart:1021:19)
#31     _runZoned (dart:async/zone.dart:1516:10)
#32     runZoned (dart:async/zone.dart:1500:12)
#33     run.<anonymous closure> (package:flutter_tools/runner.dart:60:18)
<asynchronous suspension>
#34     AppContext.run.<anonymous closure> (package:flutter_tools/src/base/context.dart:153:29)
<asynchronous suspension>
#35     _rootRun (dart:async/zone.dart:1124:13)
#36     _CustomZone.run (dart:async/zone.dart:1021:19)
#37     _runZoned (dart:async/zone.dart:1516:10)
#38     runZoned (dart:async/zone.dart:1463:12)
#39     AppContext.run (package:flutter_tools/src/base/context.dart:152:18)
<asynchronous suspension>
#40     runInContext (package:flutter_tools/src/context_runner.dart:56:24)
<asynchronous suspension>
#41     run (package:flutter_tools/runner.dart:51:10)
#42     main (package:flutter_tools/executable.dart:62:9)
<asynchronous suspension>
#43     main (file:///b/s/w/ir/k/archive/flutter/packages/flutter_tools/bin/flutter_tools.dart:8:3)
#44     _startIsolate.<anonymous closure> (dart:isolate-patch/isolate_patch.dart:299:32)
#45     _RawReceivePortImpl._handleMessage (dart:isolate-patch/isolate_patch.dart:172:12)
```

## flutter doctor

```
[32m[✓][39m Flutter (Channel stable, v1.7.8+hotfix.3, on Mac OS X 10.14.6 18G84, locale en-TH)
    [32m•[39m Flutter version 1.7.8+hotfix.3 at /Users/masterung/flutter
    [32m•[39m Framework revision b712a172f9 (3 weeks ago), 2019-07-09 13:14:38 -0700
    [32m•[39m Engine revision 54ad777fd2
    [32m•[39m Dart version 2.4.0

[32m[✓][39m Android toolchain - develop for Android devices (Android SDK version 28.0.3)
    [32m•[39m Android SDK at /Users/masterung/SDK
    [32m•[39m Android NDK location not configured (optional; useful for native profiling support)
    [32m•[39m Platform android-28, build-tools 28.0.3
    [32m•[39m ANDROID_HOME = /Users/masterung/SDK
    [32m•[39m Java binary at: /Applications/Android Studio.app/Contents/jre/jdk/Contents/Home/bin/java
    [32m•[39m Java version OpenJDK Runtime Environment (build 1.8.0_152-release-1343-b01)
    [32m•[39m All Android licenses accepted.

[33m[!][39m Xcode - develop for iOS and macOS (Xcode 10.3)
    [32m•[39m Xcode at /Applications/Xcode.app/Contents/Developer
    [32m•[39m Xcode 10.3, Build version 10G8
    [31m✗[39m Xcode requires additional components to be installed in order to run.
      Launch Xcode and install additional required components when prompted.
    [32m•[39m CocoaPods version 1.7.1

[32m[✓][39m iOS tools - develop for iOS devices
    [32m•[39m ios-deploy 1.9.4

[32m[✓][39m Android Studio (version 3.4)
    [32m•[39m Android Studio at /Applications/Android Studio.app/Contents
    [32m•[39m Flutter plugin version 36.0.1
    [32m•[39m Dart plugin version 183.6270
    [32m•[39m Java version OpenJDK Runtime Environment (build 1.8.0_152-release-1343-b01)

[32m[✓][39m VS Code (version 1.36.1)
    [32m•[39m VS Code at /Applications/Visual Studio Code.app/Contents
    [32m•[39m Flutter extension version 3.2.0

[32m[✓][39m Connected device (1 available)
    [32m•[39m SM J200GU • 420076bcd8c673ff • android-arm • Android 5.1.1 (API 22)

[33m![39m Doctor found issues in 1 category.
```
